2020-09-05 09:52:57,151 INFO  [log] SID Cleaned
2020-09-05 09:52:57,151 INFO  [log] IdDossier Cleaned
2020-09-05 09:52:57,151 INFO  [log] IdDoc Cleaned
2020-09-05 09:52:57,151 INFO  [log] IdBookmark Cleaned
2020-09-05 09:58:23,637 INFO  [log] SID Cleaned
2020-09-05 09:58:23,637 INFO  [log] IdDossier Cleaned
2020-09-05 09:58:23,637 INFO  [log] IdDoc Cleaned
2020-09-05 09:58:23,637 INFO  [log] IdBookmark Cleaned
2020-09-05 10:00:52,133 INFO  [log] SID Cleaned
2020-09-05 10:00:52,133 INFO  [log] IdDossier Cleaned
2020-09-05 10:00:52,133 INFO  [log] IdDoc Cleaned
2020-09-05 10:00:52,133 INFO  [log] IdBookmark Cleaned
2020-09-05 10:01:04,070 INFO  [log] SID Cleaned
2020-09-05 10:01:04,071 INFO  [log] IdDossier Cleaned
2020-09-05 10:01:04,071 INFO  [log] IdDoc Cleaned
2020-09-05 10:01:04,071 INFO  [log] IdBookmark Cleaned
2020-09-05 10:02:39,326 INFO  [log] SID Cleaned
2020-09-05 10:02:39,326 INFO  [log] IdDossier Cleaned
2020-09-05 10:02:39,326 INFO  [log] IdDoc Cleaned
2020-09-05 10:02:39,326 INFO  [log] IdBookmark Cleaned
2020-09-05 10:08:37,343 INFO  [log] SID Cleaned
2020-09-05 10:08:37,343 INFO  [log] IdDossier Cleaned
2020-09-05 10:08:37,343 INFO  [log] IdDoc Cleaned
2020-09-05 10:08:37,343 INFO  [log] IdBookmark Cleaned
2020-09-05 10:20:49,074 INFO  [log] 210
2020-09-05 10:20:49,079 INFO  [log] 210
2020-09-05 10:20:50,229 INFO  [log] SID Cleaned
2020-09-05 10:20:50,229 INFO  [log] IdDossier Cleaned
2020-09-05 10:20:50,230 INFO  [log] IdDoc Cleaned
2020-09-05 10:20:50,230 INFO  [log] IdBookmark Cleaned
2020-09-05 10:21:35,699 INFO  [log] 211
2020-09-05 10:21:35,706 INFO  [log] 211
2020-09-05 10:21:37,254 INFO  [log] SID Cleaned
2020-09-05 10:21:37,254 INFO  [log] IdDossier Cleaned
2020-09-05 10:21:37,254 INFO  [log] IdDoc Cleaned
2020-09-05 10:21:37,255 INFO  [log] IdBookmark Cleaned
